{"$message_type":"diagnostic","message":"linking with `cc` failed: exit status: 1","code":null,"level":"error","spans":[],"children":[{"message":" \"cc\" \"-m64\" \"/tmp/rustcydIqPD/symbols.o\" \"<108 object files omitted>\" \"-Wl,--as-needed\" \"-Wl,-Bstatic\" \"/home/jonatanciencias/Proyectos/Programacion/Radeon_RX_580/research/breakthrough_lab/t2_auto_scheduler/rust_sidecar/target/debug/deps/{libserde_json-87e8de91441efb21,libmemchr-1c76f5cc91307870,libitoa-09f80ef5323d1051,libzmij-b4effdb08bed7ff1}.rlib\" \"<sysroot>/lib/rustlib/x86_64-unknown-linux-gnu/lib/{libtest-*,libgetopts-*,librustc_std_workspace_std-*}.rlib\" \"/home/jonatanciencias/Proyectos/Programacion/Radeon_RX_580/research/breakthrough_lab/t2_auto_scheduler/rust_sidecar/target/debug/deps/{libserde-4ced69b55d3d785b,libserde_core-af717a76dfe81de2,libpyo3-11fffd9d9ee7a78b,libcfg_if-a3662b74b62b86e1,libmemoffset-c595f07e391bcfad,libonce_cell-ceeedbc3e1cff487,libpyo3_ffi-c8809866d1824f96,liblibc-c262a4461d80f3f4,libunindent-22848286743edd8a}.rlib\" \"<sysroot>/lib/rustlib/x86_64-unknown-linux-gnu/lib/{libstd-*,libpanic_unwind-*,libobject-*,libmemchr-*,libaddr2line-*,libgimli-*,libcfg_if-*,librustc_demangle-*,libstd_detect-*,libhashbrown-*,librustc_std_workspace_alloc-*,libminiz_oxide-*,libadler2-*,libunwind-*,liblibc-*,librustc_std_workspace_core-*,liballoc-*,libcore-*,libcompiler_builtins-*}.rlib\" \"-Wl,-Bdynamic\" \"-lgcc_s\" \"-lutil\" \"-lrt\" \"-lpthread\" \"-lm\" \"-ldl\" \"-lc\" \"-L\" \"/tmp/rustcydIqPD/raw-dylibs\" \"-B<sysroot>/lib/rustlib/x86_64-unknown-linux-gnu/bin/gcc-ld\" \"-fuse-ld=lld\" \"-Wl,--eh-frame-hdr\" \"-Wl,-z,noexecstack\" \"-L\" \"<sysroot>/lib/rustlib/x86_64-unknown-linux-gnu/lib\" \"-o\" \"/home/jonatanciencias/Proyectos/Programacion/Radeon_RX_580/research/breakthrough_lab/t2_auto_scheduler/rust_sidecar/target/debug/deps/t2_rust_sidecar-cd2c425971cf2422\" \"-Wl,--gc-sections\" \"-pie\" \"-Wl,-z,relro,-z,now\" \"-nodefaultlibs\"","code":null,"level":"note","spans":[],"children":[],"rendered":null},{"message":"some arguments are omitted. use `--verbose` to show all linker arguments","code":null,"level":"note","spans":[],"children":[],"rendered":null},{"message":"rust-lld: error: undefined symbol: PyObject_Str\n>>> referenced by any.rs:2270 (src/types/any.rs:2270)\n>>>               pyo3-11fffd9d9ee7a78b.pyo3.e1b9b219584156c6-cgu.00.rcgu.o:(_$LT$pyo3..instance..Bound$LT$pyo3..types..any..PyAny$GT$$u20$as$u20$pyo3..types..any..PyAnyMethods$GT$::str::h3452af19af72b45f) in archive /home/jonatanciencias/Proyectos/Programacion/Radeon_RX_580/research/breakthrough_lab/t2_auto_scheduler/rust_sidecar/target/debug/deps/libpyo3-11fffd9d9ee7a78b.rlib\n\nrust-lld: error: undefined symbol: PyObject_Repr\n>>> referenced by any.rs:2262 (src/types/any.rs:2262)\n>>>               pyo3-11fffd9d9ee7a78b.pyo3.e1b9b219584156c6-cgu.00.rcgu.o:(_$LT$pyo3..instance..Bound$LT$pyo3..types..any..PyAny$GT$$u20$as$u20$pyo3..types..any..PyAnyMethods$GT$::repr::h902ce9b2e9d684c5) in archive /home/jonatanciencias/Proyectos/Programacion/Radeon_RX_580/research/breakthrough_lab/t2_auto_scheduler/rust_sidecar/target/debug/deps/libpyo3-11fffd9d9ee7a78b.rlib\n\nrust-lld: error: undefined symbol: PyUnicode_AsUTF8String\n>>> referenced by string.rs:358 (src/types/string.rs:358)\n>>>               pyo3-11fffd9d9ee7a78b.pyo3.e1b9b219584156c6-cgu.00.rcgu.o:(_$LT$pyo3..instance..Bound$LT$pyo3..types..string..PyString$GT$$u20$as$u20$pyo3..types..string..PyStringMethods$GT$::encode_utf8::h8da2c7b68db43db5) in archive /home/jonatanciencias/Proyectos/Programacion/Radeon_RX_580/research/breakthrough_lab/t2_auto_scheduler/rust_sidecar/target/debug/deps/libpyo3-11fffd9d9ee7a78b.rlib\n\nrust-lld: error: undefined symbol: PyBytes_AsString\n>>> referenced by bytes.rs:193 (src/types/bytes.rs:193)\n>>>               pyo3-11fffd9d9ee7a78b.pyo3.e1b9b219584156c6-cgu.00.rcgu.o:(pyo3::types::bytes::_$LT$impl$u20$pyo3..instance..Borrowed$LT$pyo3..types..bytes..PyBytes$GT$$GT$::as_bytes::hf3fc6af790ac98d3) in archive /home/jonatanciencias/Proyectos/Programacion/Radeon_RX_580/research/breakthrough_lab/t2_auto_scheduler/rust_sidecar/target/debug/deps/libpyo3-11fffd9d9ee7a78b.rlib\n\nrust-lld: error: undefined symbol: PyBytes_Size\n>>> referenced by bytes.rs:194 (src/types/bytes.rs:194)\n>>>               pyo3-11fffd9d9ee7a78b.pyo3.e1b9b219584156c6-cgu.00.rcgu.o:(pyo3::types::bytes::_$LT$impl$u20$pyo3..instance..Borrowed$LT$pyo3..types..bytes..PyBytes$GT$$GT$::as_bytes::hf3fc6af790ac98d3) in archive /home/jonatanciencias/Proyectos/Programacion/Radeon_RX_580/research/breakthrough_lab/t2_auto_scheduler/rust_sidecar/target/debug/deps/libpyo3-11fffd9d9ee7a78b.rlib\n\nrust-lld: error: undefined symbol: PyUnicode_AsEncodedString\n>>> referenced by string.rs:416 (src/types/string.rs:416)\n>>>               pyo3-11fffd9d9ee7a78b.pyo3.e1b9b219584156c6-cgu.00.rcgu.o:(pyo3::types::string::_$LT$impl$u20$pyo3..instance..Borrowed$LT$pyo3..types..string..PyString$GT$$GT$::to_string_lossy::hc0d135414657bf64) in archive /home/jonatanciencias/Proyectos/Programacion/Radeon_RX_580/research/breakthrough_lab/t2_auto_scheduler/rust_sidecar/target/debug/deps/libpyo3-11fffd9d9ee7a78b.rlib\n\nrust-lld: error: undefined symbol: PyErr_Print\n>>> referenced by mod.rs:1081 (src/err/mod.rs:1081)\n>>>               pyo3-11fffd9d9ee7a78b.pyo3.e1b9b219584156c6-cgu.07.rcgu.o:(pyo3::err::panic_after_error::h082fde1ba30bea85) in archive /home/jonatanciencias/Proyectos/Programacion/Radeon_RX_580/research/breakthrough_lab/t2_auto_scheduler/rust_sidecar/target/debug/deps/libpyo3-11fffd9d9ee7a78b.rlib\n\nrust-lld: error: undefined symbol: Py_IncRef\n>>> referenced by object.rs:521 (/home/jonatanciencias/.cargo/registry/src/index.crates.io-1949cf8c6b5b557f/pyo3-ffi-0.22.6/src/object.rs:521)\n>>>               pyo3-11fffd9d9ee7a78b.pyo3.e1b9b219584156c6-cgu.00.rcgu.o:(pyo3::instance::Py$LT$T$GT$::clone_ref::h458c40cc80665425) in archive /home/jonatanciencias/Proyectos/Programacion/Radeon_RX_580/research/breakthrough_lab/t2_auto_scheduler/rust_sidecar/target/debug/deps/libpyo3-11fffd9d9ee7a78b.rlib\n>>> referenced by object.rs:521 (/home/jonatanciencias/.cargo/registry/src/index.crates.io-1949cf8c6b5b557f/pyo3-ffi-0.22.6/src/object.rs:521)\n>>>               pyo3-11fffd9d9ee7a78b.pyo3.e1b9b219584156c6-cgu.00.rcgu.o:(pyo3::instance::Py$LT$T$GT$::clone_ref::h6d9bf2ecc62034b4) in archive /home/jonatanciencias/Proyectos/Programacion/Radeon_RX_580/research/breakthrough_lab/t2_auto_scheduler/rust_sidecar/target/debug/deps/libpyo3-11fffd9d9ee7a78b.rlib\n>>> referenced by object.rs:521 (/home/jonatanciencias/.cargo/registry/src/index.crates.io-1949cf8c6b5b557f/pyo3-ffi-0.22.6/src/object.rs:521)\n>>>               pyo3-11fffd9d9ee7a78b.pyo3.e1b9b219584156c6-cgu.00.rcgu.o:(pyo3::instance::Py$LT$T$GT$::clone_ref::h9eed47b259b2bcba) in archive /home/jonatanciencias/Proyectos/Programacion/Radeon_RX_580/research/breakthrough_lab/t2_auto_scheduler/rust_sidecar/target/debug/deps/libpyo3-11fffd9d9ee7a78b.rlib\n>>> referenced 1 more times\n\nrust-lld: error: undefined symbol: PyErr_NewExceptionWithDoc\n>>> referenced by mod.rs:569 (src/err/mod.rs:569)\n>>>               pyo3-11fffd9d9ee7a78b.pyo3.e1b9b219584156c6-cgu.07.rcgu.o:(pyo3::err::PyErr::new_type_bound::h0142463743f7fb13) in archive /home/jonatanciencias/Proyectos/Programacion/Radeon_RX_580/research/breakthrough_lab/t2_auto_scheduler/rust_sidecar/target/debug/deps/libpyo3-11fffd9d9ee7a78b.rlib\n\nrust-lld: error: undefined symbol: PyType_GetFlags\n>>> referenced by object.rs:746 (/home/jonatanciencias/.cargo/registry/src/index.crates.io-1949cf8c6b5b557f/pyo3-ffi-0.22.6/src/object.rs:746)\n>>>               pyo3-11fffd9d9ee7a78b.pyo3.e1b9b219584156c6-cgu.08.rcgu.o:(pyo3_ffi::object::PyType_HasFeature::he254c839e7e3b513) in archive /home/jonatanciencias/Proyectos/Programacion/Radeon_RX_580/research/breakthrough_lab/t2_auto_scheduler/rust_sidecar/target/debug/deps/libpyo3-11fffd9d9ee7a78b.rlib\n\nrust-lld: error: undefined symbol: PyErr_PrintEx\n>>> referenced by mod.rs:474 (src/err/mod.rs:474)\n>>>               pyo3-11fffd9d9ee7a78b.pyo3.e1b9b219584156c6-cgu.07.rcgu.o:(pyo3::err::PyErr::print_panic_and_unwind::h5a68457d3ccfd19f) in archive /home/jonatanciencias/Proyectos/Programacion/Radeon_RX_580/research/breakthrough_lab/t2_auto_scheduler/rust_sidecar/target/debug/deps/libpyo3-11fffd9d9ee7a78b.rlib\n\nrust-lld: error: undefined symbol: PyErr_WriteUnraisable\n>>> referenced by mod.rs:709 (src/err/mod.rs:709)\n>>>               pyo3-11fffd9d9ee7a78b.pyo3.e1b9b219584156c6-cgu.07.rcgu.o:(pyo3::err::PyErr::write_unraisable_bound::ha8bd20c6e7560ac8) in archive /home/jonatanciencias/Proyectos/Programacion/Radeon_RX_580/research/breakthrough_lab/t2_auto_scheduler/rust_sidecar/target/debug/deps/libpyo3-11fffd9d9ee7a78b.rlib\n\nrust-lld: error: undefined symbol: PyErr_Fetch\n>>> referenced by mod.rs:403 (src/err/mod.rs:403)\n>>>               pyo3-11fffd9d9ee7a78b.pyo3.e1b9b219584156c6-cgu.07.rcgu.o:(pyo3::err::PyErr::_take::h71c935b471d2cad4) in archive /home/jonatanciencias/Proyectos/Programacion/Radeon_RX_580/research/breakthrough_lab/t2_auto_scheduler/rust_sidecar/target/debug/deps/libpyo3-11fffd9d9ee7a78b.rlib\n>>> referenced by err_state.rs:224 (src/err/err_state.rs:224)\n>>>               pyo3-11fffd9d9ee7a78b.pyo3.e1b9b219584156c6-cgu.09.rcgu.o:(pyo3::err::err_state::lazy_into_normalized_ffi_tuple::h5c3818d4eb4ecbd5) in archive /home/jonatanciencias/Proyectos/Programacion/Radeon_RX_580/research/breakthrough_lab/t2_auto_scheduler/rust_sidecar/target/debug/deps/libpyo3-11fffd9d9ee7a78b.rlib\n\nrust-lld: error: undefined symbol: PyObject_GetAttr\n>>> referenced by any.rs:1799 (src/types/any.rs:1799)\n>>>               pyo3-11fffd9d9ee7a78b.pyo3.e1b9b219584156c6-cgu.14.rcgu.o:(_$LT$pyo3..instance..Bound$LT$pyo3..types..any..PyAny$GT$$u20$as$u20$pyo3..types..any..PyAnyMethods$GT$::getattr::inner::hb13f0a185b356e28) in archive /home/jonatanciencias/Proyectos/Programacion/Radeon_RX_580/research/breakthrough_lab/t2_auto_scheduler/rust_sidecar/target/debug/deps/libpyo3-11fffd9d9ee7a78b.rlib\n\nrust-lld: error: undefined symbol: PyErr_Restore\n>>> referenced by err_state.rs:198 (src/err/err_state.rs:198)\n>>>               pyo3-11fffd9d9ee7a78b.pyo3.e1b9b219584156c6-cgu.09.rcgu.o:(pyo3::err::err_state::PyErrState::restore::h38bcd8862f0b696a) in archive /home/jonatanciencias/Proyectos/Programacion/Radeon_RX_580/research/breakthrough_lab/t2_auto_scheduler/rust_sidecar/target/debug/deps/libpyo3-11fffd9d9ee7a78b.rlib\n\nrust-lld: error: undefined symbol: Py_DecRef\n>>> referenced by object.rs:578 (/home/jonatanciencias/.cargo/registry/src/index.crates.io-1949cf8c6b5b557f/pyo3-ffi-0.22.6/src/object.rs:578)\n>>>               pyo3-11fffd9d9ee7a78b.pyo3.e1b9b219584156c6-cgu.00.rcgu.o:(_$LT$pyo3..instance..Bound$LT$T$GT$$u20$as$u20$core..ops..drop..Drop$GT$::drop::h04344f2e8bf16f49) in archive /home/jonatanciencias/Proyectos/Programacion/Radeon_RX_580/research/breakthrough_lab/t2_auto_scheduler/rust_sidecar/target/debug/deps/libpyo3-11fffd9d9ee7a78b.rlib\n>>> referenced by object.rs:578 (/home/jonatanciencias/.cargo/registry/src/index.crates.io-1949cf8c6b5b557f/pyo3-ffi-0.22.6/src/object.rs:578)\n>>>               pyo3-11fffd9d9ee7a78b.pyo3.e1b9b219584156c6-cgu.00.rcgu.o:(_$LT$pyo3..instance..Bound$LT$T$GT$$u20$as$u20$core..ops..drop..Drop$GT$::drop::h4eaf448946d3e932) in archive /home/jonatanciencias/Proyectos/Programacion/Radeon_RX_580/research/breakthrough_lab/t2_auto_scheduler/rust_sidecar/target/debug/deps/libpyo3-11fffd9d9ee7a78b.rlib\n>>> referenced by object.rs:578 (/home/jonatanciencias/.cargo/registry/src/index.crates.io-1949cf8c6b5b557f/pyo3-ffi-0.22.6/src/object.rs:578)\n>>>               pyo3-11fffd9d9ee7a78b.pyo3.e1b9b219584156c6-cgu.00.rcgu.o:(_$LT$pyo3..instance..Bound$LT$T$GT$$u20$as$u20$core..ops..drop..Drop$GT$::drop::h66f2b041b0f90f23) in archive /home/jonatanciencias/Proyectos/Programacion/Radeon_RX_580/research/breakthrough_lab/t2_auto_scheduler/rust_sidecar/target/debug/deps/libpyo3-11fffd9d9ee7a78b.rlib\n>>> referenced 5 more times\n\nrust-lld: error: undefined symbol: PyErr_NormalizeException\n>>> referenced by err_state.rs:167 (src/err/err_state.rs:167)\n>>>               pyo3-11fffd9d9ee7a78b.pyo3.e1b9b219584156c6-cgu.09.rcgu.o:(pyo3::err::err_state::PyErrState::normalize::hc7d0aa3ae82b8e70) in archive /home/jonatanciencias/Proyectos/Programacion/Radeon_RX_580/research/breakthrough_lab/t2_auto_scheduler/rust_sidecar/target/debug/deps/libpyo3-11fffd9d9ee7a78b.rlib\n>>> referenced by err_state.rs:225 (src/err/err_state.rs:225)\n>>>               pyo3-11fffd9d9ee7a78b.pyo3.e1b9b219584156c6-cgu.09.rcgu.o:(pyo3::err::err_state::lazy_into_normalized_ffi_tuple::h5c3818d4eb4ecbd5) in archive /home/jonatanciencias/Proyectos/Programacion/Radeon_RX_580/research/breakthrough_lab/t2_auto_scheduler/rust_sidecar/target/debug/deps/libpyo3-11fffd9d9ee7a78b.rlib\n\nrust-lld: error: undefined symbol: PyErr_SetObject\n>>> referenced by err_state.rs:246 (src/err/err_state.rs:246)\n>>>               pyo3-11fffd9d9ee7a78b.pyo3.e1b9b219584156c6-cgu.09.rcgu.o:(pyo3::err::err_state::raise_lazy::h394746b91f11e191) in archive /home/jonatanciencias/Proyectos/Programacion/Radeon_RX_580/research/breakthrough_lab/t2_auto_scheduler/rust_sidecar/target/debug/deps/libpyo3-11fffd9d9ee7a78b.rlib\n\nrust-lld: error: undefined symbol: PyErr_SetString\n>>> referenced by err_state.rs:241 (src/err/err_state.rs:241)\n>>>               pyo3-11fffd9d9ee7a78b.pyo3.e1b9b219584156c6-cgu.09.rcgu.o:(pyo3::err::err_state::raise_lazy::h394746b91f11e191) in archive /home/jonatanciencias/Proyectos/Programacion/Radeon_RX_580/research/breakthrough_lab/t2_auto_scheduler/rust_sidecar/target/debug/deps/libpyo3-11fffd9d9ee7a78b.rlib\n\nrust-lld: error: undefined symbol: Py_IsInitialized\n>>> referenced by gil.rs:80 (src/gil.rs:80)\n>>>               pyo3-11fffd9d9ee7a78b.pyo3.e1b9b219584156c6-cgu.09.rcgu.o:(pyo3::gil::prepare_freethreaded_python::_$u7b$$u7b$closure$u7d$$u7d$::hde80acd08fc80244) in archive /home/jonatanciencias/Proyectos/Programacion/Radeon_RX_580/research/breakthrough_lab/t2_auto_scheduler/rust_sidecar/target/debug/deps/libpyo3-11fffd9d9ee7a78b.rlib\n>>> referenced by gil.rs:199 (src/gil.rs:199)\n>>>               pyo3-11fffd9d9ee7a78b.pyo3.e1b9b219584156c6-cgu.09.rcgu.o:(pyo3::gil::GILGuard::acquire::_$u7b$$u7b$closure$u7d$$u7d$::h72ef2d7a35e67d66) in archive /home/jonatanciencias/Proyectos/Programacion/Radeon_RX_580/research/breakthrough_lab/t2_auto_scheduler/rust_sidecar/target/debug/deps/libpyo3-11fffd9d9ee7a78b.rlib\n\nrust-lld: error: too many errors emitted, stopping now (use --error-limit=0 to see all errors)\ncollect2: error: ld returned 1 exit status\n","code":null,"level":"note","spans":[],"children":[],"rendered":null}],"rendered":"\u001b[1m\u001b[91merror\u001b[0m\u001b[1m: linking with `cc` failed: exit status: 1\u001b[0m\n  \u001b[1m\u001b[94m|\u001b[0m\n  \u001b[1m\u001b[94m= \u001b[0m\u001b[1mnote\u001b[0m:  \"cc\" \"-m64\" \"/tmp/rustcydIqPD/symbols.o\" \"<108 object files omitted>\" \"-Wl,--as-needed\" \"-Wl,-Bstatic\" \"/home/jonatanciencias/Proyectos/Programacion/Radeon_RX_580/research/breakthrough_lab/t2_auto_scheduler/rust_sidecar/target/debug/deps/{libserde_json-87e8de91441efb21,libmemchr-1c76f5cc91307870,libitoa-09f80ef5323d1051,libzmij-b4effdb08bed7ff1}.rlib\" \"<sysroot>/lib/rustlib/x86_64-unknown-linux-gnu/lib/{libtest-*,libgetopts-*,librustc_std_workspace_std-*}.rlib\" \"/home/jonatanciencias/Proyectos/Programacion/Radeon_RX_580/research/breakthrough_lab/t2_auto_scheduler/rust_sidecar/target/debug/deps/{libserde-4ced69b55d3d785b,libserde_core-af717a76dfe81de2,libpyo3-11fffd9d9ee7a78b,libcfg_if-a3662b74b62b86e1,libmemoffset-c595f07e391bcfad,libonce_cell-ceeedbc3e1cff487,libpyo3_ffi-c8809866d1824f96,liblibc-c262a4461d80f3f4,libunindent-22848286743edd8a}.rlib\" \"<sysroot>/lib/rustlib/x86_64-unknown-linux-gnu/lib/{libstd-*,libpanic_unwind-*,libobject-*,libmemchr-*,libaddr2line-*,libgimli-*,libcfg_if-*,librustc_demangle-*,libstd_detect-*,libhashbrown-*,librustc_std_workspace_alloc-*,libminiz_oxide-*,libadler2-*,libunwind-*,liblibc-*,librustc_std_workspace_core-*,liballoc-*,libcore-*,libcompiler_builtins-*}.rlib\" \"-Wl,-Bdynamic\" \"-lgcc_s\" \"-lutil\" \"-lrt\" \"-lpthread\" \"-lm\" \"-ldl\" \"-lc\" \"-L\" \"/tmp/rustcydIqPD/raw-dylibs\" \"-B<sysroot>/lib/rustlib/x86_64-unknown-linux-gnu/bin/gcc-ld\" \"-fuse-ld=lld\" \"-Wl,--eh-frame-hdr\" \"-Wl,-z,noexecstack\" \"-L\" \"<sysroot>/lib/rustlib/x86_64-unknown-linux-gnu/lib\" \"-o\" \"/home/jonatanciencias/Proyectos/Programacion/Radeon_RX_580/research/breakthrough_lab/t2_auto_scheduler/rust_sidecar/target/debug/deps/t2_rust_sidecar-cd2c425971cf2422\" \"-Wl,--gc-sections\" \"-pie\" \"-Wl,-z,relro,-z,now\" \"-nodefaultlibs\"\n  \u001b[1m\u001b[94m= \u001b[0m\u001b[1mnote\u001b[0m: some arguments are omitted. use `--verbose` to show all linker arguments\n  \u001b[1m\u001b[94m= \u001b[0m\u001b[1mnote\u001b[0m: rust-lld: error: undefined symbol: PyObject_Str\n          >>> referenced by any.rs:2270 (src/types/any.rs:2270)\n          >>>               pyo3-11fffd9d9ee7a78b.pyo3.e1b9b219584156c6-cgu.00.rcgu.o:(_$LT$pyo3..instance..Bound$LT$pyo3..types..any..PyAny$GT$$u20$as$u20$pyo3..types..any..PyAnyMethods$GT$::str::h3452af19af72b45f) in archive /home/jonatanciencias/Proyectos/Programacion/Radeon_RX_580/research/breakthrough_lab/t2_auto_scheduler/rust_sidecar/target/debug/deps/libpyo3-11fffd9d9ee7a78b.rlib\n          \n          rust-lld: error: undefined symbol: PyObject_Repr\n          >>> referenced by any.rs:2262 (src/types/any.rs:2262)\n          >>>               pyo3-11fffd9d9ee7a78b.pyo3.e1b9b219584156c6-cgu.00.rcgu.o:(_$LT$pyo3..instance..Bound$LT$pyo3..types..any..PyAny$GT$$u20$as$u20$pyo3..types..any..PyAnyMethods$GT$::repr::h902ce9b2e9d684c5) in archive /home/jonatanciencias/Proyectos/Programacion/Radeon_RX_580/research/breakthrough_lab/t2_auto_scheduler/rust_sidecar/target/debug/deps/libpyo3-11fffd9d9ee7a78b.rlib\n          \n          rust-lld: error: undefined symbol: PyUnicode_AsUTF8String\n          >>> referenced by string.rs:358 (src/types/string.rs:358)\n          >>>               pyo3-11fffd9d9ee7a78b.pyo3.e1b9b219584156c6-cgu.00.rcgu.o:(_$LT$pyo3..instance..Bound$LT$pyo3..types..string..PyString$GT$$u20$as$u20$pyo3..types..string..PyStringMethods$GT$::encode_utf8::h8da2c7b68db43db5) in archive /home/jonatanciencias/Proyectos/Programacion/Radeon_RX_580/research/breakthrough_lab/t2_auto_scheduler/rust_sidecar/target/debug/deps/libpyo3-11fffd9d9ee7a78b.rlib\n          \n          rust-lld: error: undefined symbol: PyBytes_AsString\n          >>> referenced by bytes.rs:193 (src/types/bytes.rs:193)\n          >>>               pyo3-11fffd9d9ee7a78b.pyo3.e1b9b219584156c6-cgu.00.rcgu.o:(pyo3::types::bytes::_$LT$impl$u20$pyo3..instance..Borrowed$LT$pyo3..types..bytes..PyBytes$GT$$GT$::as_bytes::hf3fc6af790ac98d3) in archive /home/jonatanciencias/Proyectos/Programacion/Radeon_RX_580/research/breakthrough_lab/t2_auto_scheduler/rust_sidecar/target/debug/deps/libpyo3-11fffd9d9ee7a78b.rlib\n          \n          rust-lld: error: undefined symbol: PyBytes_Size\n          >>> referenced by bytes.rs:194 (src/types/bytes.rs:194)\n          >>>               pyo3-11fffd9d9ee7a78b.pyo3.e1b9b219584156c6-cgu.00.rcgu.o:(pyo3::types::bytes::_$LT$impl$u20$pyo3..instance..Borrowed$LT$pyo3..types..bytes..PyBytes$GT$$GT$::as_bytes::hf3fc6af790ac98d3) in archive /home/jonatanciencias/Proyectos/Programacion/Radeon_RX_580/research/breakthrough_lab/t2_auto_scheduler/rust_sidecar/target/debug/deps/libpyo3-11fffd9d9ee7a78b.rlib\n          \n          rust-lld: error: undefined symbol: PyUnicode_AsEncodedString\n          >>> referenced by string.rs:416 (src/types/string.rs:416)\n          >>>               pyo3-11fffd9d9ee7a78b.pyo3.e1b9b219584156c6-cgu.00.rcgu.o:(pyo3::types::string::_$LT$impl$u20$pyo3..instance..Borrowed$LT$pyo3..types..string..PyString$GT$$GT$::to_string_lossy::hc0d135414657bf64) in archive /home/jonatanciencias/Proyectos/Programacion/Radeon_RX_580/research/breakthrough_lab/t2_auto_scheduler/rust_sidecar/target/debug/deps/libpyo3-11fffd9d9ee7a78b.rlib\n          \n          rust-lld: error: undefined symbol: PyErr_Print\n          >>> referenced by mod.rs:1081 (src/err/mod.rs:1081)\n          >>>               pyo3-11fffd9d9ee7a78b.pyo3.e1b9b219584156c6-cgu.07.rcgu.o:(pyo3::err::panic_after_error::h082fde1ba30bea85) in archive /home/jonatanciencias/Proyectos/Programacion/Radeon_RX_580/research/breakthrough_lab/t2_auto_scheduler/rust_sidecar/target/debug/deps/libpyo3-11fffd9d9ee7a78b.rlib\n          \n          rust-lld: error: undefined symbol: Py_IncRef\n          >>> referenced by object.rs:521 (/home/jonatanciencias/.cargo/registry/src/index.crates.io-1949cf8c6b5b557f/pyo3-ffi-0.22.6/src/object.rs:521)\n          >>>               pyo3-11fffd9d9ee7a78b.pyo3.e1b9b219584156c6-cgu.00.rcgu.o:(pyo3::instance::Py$LT$T$GT$::clone_ref::h458c40cc80665425) in archive /home/jonatanciencias/Proyectos/Programacion/Radeon_RX_580/research/breakthrough_lab/t2_auto_scheduler/rust_sidecar/target/debug/deps/libpyo3-11fffd9d9ee7a78b.rlib\n          >>> referenced by object.rs:521 (/home/jonatanciencias/.cargo/registry/src/index.crates.io-1949cf8c6b5b557f/pyo3-ffi-0.22.6/src/object.rs:521)\n          >>>               pyo3-11fffd9d9ee7a78b.pyo3.e1b9b219584156c6-cgu.00.rcgu.o:(pyo3::instance::Py$LT$T$GT$::clone_ref::h6d9bf2ecc62034b4) in archive /home/jonatanciencias/Proyectos/Programacion/Radeon_RX_580/research/breakthrough_lab/t2_auto_scheduler/rust_sidecar/target/debug/deps/libpyo3-11fffd9d9ee7a78b.rlib\n          >>> referenced by object.rs:521 (/home/jonatanciencias/.cargo/registry/src/index.crates.io-1949cf8c6b5b557f/pyo3-ffi-0.22.6/src/object.rs:521)\n          >>>               pyo3-11fffd9d9ee7a78b.pyo3.e1b9b219584156c6-cgu.00.rcgu.o:(pyo3::instance::Py$LT$T$GT$::clone_ref::h9eed47b259b2bcba) in archive /home/jonatanciencias/Proyectos/Programacion/Radeon_RX_580/research/breakthrough_lab/t2_auto_scheduler/rust_sidecar/target/debug/deps/libpyo3-11fffd9d9ee7a78b.rlib\n          >>> referenced 1 more times\n          \n          rust-lld: error: undefined symbol: PyErr_NewExceptionWithDoc\n          >>> referenced by mod.rs:569 (src/err/mod.rs:569)\n          >>>               pyo3-11fffd9d9ee7a78b.pyo3.e1b9b219584156c6-cgu.07.rcgu.o:(pyo3::err::PyErr::new_type_bound::h0142463743f7fb13) in archive /home/jonatanciencias/Proyectos/Programacion/Radeon_RX_580/research/breakthrough_lab/t2_auto_scheduler/rust_sidecar/target/debug/deps/libpyo3-11fffd9d9ee7a78b.rlib\n          \n          rust-lld: error: undefined symbol: PyType_GetFlags\n          >>> referenced by object.rs:746 (/home/jonatanciencias/.cargo/registry/src/index.crates.io-1949cf8c6b5b557f/pyo3-ffi-0.22.6/src/object.rs:746)\n          >>>               pyo3-11fffd9d9ee7a78b.pyo3.e1b9b219584156c6-cgu.08.rcgu.o:(pyo3_ffi::object::PyType_HasFeature::he254c839e7e3b513) in archive /home/jonatanciencias/Proyectos/Programacion/Radeon_RX_580/research/breakthrough_lab/t2_auto_scheduler/rust_sidecar/target/debug/deps/libpyo3-11fffd9d9ee7a78b.rlib\n          \n          rust-lld: error: undefined symbol: PyErr_PrintEx\n          >>> referenced by mod.rs:474 (src/err/mod.rs:474)\n          >>>               pyo3-11fffd9d9ee7a78b.pyo3.e1b9b219584156c6-cgu.07.rcgu.o:(pyo3::err::PyErr::print_panic_and_unwind::h5a68457d3ccfd19f) in archive /home/jonatanciencias/Proyectos/Programacion/Radeon_RX_580/research/breakthrough_lab/t2_auto_scheduler/rust_sidecar/target/debug/deps/libpyo3-11fffd9d9ee7a78b.rlib\n          \n          rust-lld: error: undefined symbol: PyErr_WriteUnraisable\n          >>> referenced by mod.rs:709 (src/err/mod.rs:709)\n          >>>               pyo3-11fffd9d9ee7a78b.pyo3.e1b9b219584156c6-cgu.07.rcgu.o:(pyo3::err::PyErr::write_unraisable_bound::ha8bd20c6e7560ac8) in archive /home/jonatanciencias/Proyectos/Programacion/Radeon_RX_580/research/breakthrough_lab/t2_auto_scheduler/rust_sidecar/target/debug/deps/libpyo3-11fffd9d9ee7a78b.rlib\n          \n          rust-lld: error: undefined symbol: PyErr_Fetch\n          >>> referenced by mod.rs:403 (src/err/mod.rs:403)\n          >>>               pyo3-11fffd9d9ee7a78b.pyo3.e1b9b219584156c6-cgu.07.rcgu.o:(pyo3::err::PyErr::_take::h71c935b471d2cad4) in archive /home/jonatanciencias/Proyectos/Programacion/Radeon_RX_580/research/breakthrough_lab/t2_auto_scheduler/rust_sidecar/target/debug/deps/libpyo3-11fffd9d9ee7a78b.rlib\n          >>> referenced by err_state.rs:224 (src/err/err_state.rs:224)\n          >>>               pyo3-11fffd9d9ee7a78b.pyo3.e1b9b219584156c6-cgu.09.rcgu.o:(pyo3::err::err_state::lazy_into_normalized_ffi_tuple::h5c3818d4eb4ecbd5) in archive /home/jonatanciencias/Proyectos/Programacion/Radeon_RX_580/research/breakthrough_lab/t2_auto_scheduler/rust_sidecar/target/debug/deps/libpyo3-11fffd9d9ee7a78b.rlib\n          \n          rust-lld: error: undefined symbol: PyObject_GetAttr\n          >>> referenced by any.rs:1799 (src/types/any.rs:1799)\n          >>>               pyo3-11fffd9d9ee7a78b.pyo3.e1b9b219584156c6-cgu.14.rcgu.o:(_$LT$pyo3..instance..Bound$LT$pyo3..types..any..PyAny$GT$$u20$as$u20$pyo3..types..any..PyAnyMethods$GT$::getattr::inner::hb13f0a185b356e28) in archive /home/jonatanciencias/Proyectos/Programacion/Radeon_RX_580/research/breakthrough_lab/t2_auto_scheduler/rust_sidecar/target/debug/deps/libpyo3-11fffd9d9ee7a78b.rlib\n          \n          rust-lld: error: undefined symbol: PyErr_Restore\n          >>> referenced by err_state.rs:198 (src/err/err_state.rs:198)\n          >>>               pyo3-11fffd9d9ee7a78b.pyo3.e1b9b219584156c6-cgu.09.rcgu.o:(pyo3::err::err_state::PyErrState::restore::h38bcd8862f0b696a) in archive /home/jonatanciencias/Proyectos/Programacion/Radeon_RX_580/research/breakthrough_lab/t2_auto_scheduler/rust_sidecar/target/debug/deps/libpyo3-11fffd9d9ee7a78b.rlib\n          \n          rust-lld: error: undefined symbol: Py_DecRef\n          >>> referenced by object.rs:578 (/home/jonatanciencias/.cargo/registry/src/index.crates.io-1949cf8c6b5b557f/pyo3-ffi-0.22.6/src/object.rs:578)\n          >>>               pyo3-11fffd9d9ee7a78b.pyo3.e1b9b219584156c6-cgu.00.rcgu.o:(_$LT$pyo3..instance..Bound$LT$T$GT$$u20$as$u20$core..ops..drop..Drop$GT$::drop::h04344f2e8bf16f49) in archive /home/jonatanciencias/Proyectos/Programacion/Radeon_RX_580/research/breakthrough_lab/t2_auto_scheduler/rust_sidecar/target/debug/deps/libpyo3-11fffd9d9ee7a78b.rlib\n          >>> referenced by object.rs:578 (/home/jonatanciencias/.cargo/registry/src/index.crates.io-1949cf8c6b5b557f/pyo3-ffi-0.22.6/src/object.rs:578)\n          >>>               pyo3-11fffd9d9ee7a78b.pyo3.e1b9b219584156c6-cgu.00.rcgu.o:(_$LT$pyo3..instance..Bound$LT$T$GT$$u20$as$u20$core..ops..drop..Drop$GT$::drop::h4eaf448946d3e932) in archive /home/jonatanciencias/Proyectos/Programacion/Radeon_RX_580/research/breakthrough_lab/t2_auto_scheduler/rust_sidecar/target/debug/deps/libpyo3-11fffd9d9ee7a78b.rlib\n          >>> referenced by object.rs:578 (/home/jonatanciencias/.cargo/registry/src/index.crates.io-1949cf8c6b5b557f/pyo3-ffi-0.22.6/src/object.rs:578)\n          >>>               pyo3-11fffd9d9ee7a78b.pyo3.e1b9b219584156c6-cgu.00.rcgu.o:(_$LT$pyo3..instance..Bound$LT$T$GT$$u20$as$u20$core..ops..drop..Drop$GT$::drop::h66f2b041b0f90f23) in archive /home/jonatanciencias/Proyectos/Programacion/Radeon_RX_580/research/breakthrough_lab/t2_auto_scheduler/rust_sidecar/target/debug/deps/libpyo3-11fffd9d9ee7a78b.rlib\n          >>> referenced 5 more times\n          \n          rust-lld: error: undefined symbol: PyErr_NormalizeException\n          >>> referenced by err_state.rs:167 (src/err/err_state.rs:167)\n          >>>               pyo3-11fffd9d9ee7a78b.pyo3.e1b9b219584156c6-cgu.09.rcgu.o:(pyo3::err::err_state::PyErrState::normalize::hc7d0aa3ae82b8e70) in archive /home/jonatanciencias/Proyectos/Programacion/Radeon_RX_580/research/breakthrough_lab/t2_auto_scheduler/rust_sidecar/target/debug/deps/libpyo3-11fffd9d9ee7a78b.rlib\n          >>> referenced by err_state.rs:225 (src/err/err_state.rs:225)\n          >>>               pyo3-11fffd9d9ee7a78b.pyo3.e1b9b219584156c6-cgu.09.rcgu.o:(pyo3::err::err_state::lazy_into_normalized_ffi_tuple::h5c3818d4eb4ecbd5) in archive /home/jonatanciencias/Proyectos/Programacion/Radeon_RX_580/research/breakthrough_lab/t2_auto_scheduler/rust_sidecar/target/debug/deps/libpyo3-11fffd9d9ee7a78b.rlib\n          \n          rust-lld: error: undefined symbol: PyErr_SetObject\n          >>> referenced by err_state.rs:246 (src/err/err_state.rs:246)\n          >>>               pyo3-11fffd9d9ee7a78b.pyo3.e1b9b219584156c6-cgu.09.rcgu.o:(pyo3::err::err_state::raise_lazy::h394746b91f11e191) in archive /home/jonatanciencias/Proyectos/Programacion/Radeon_RX_580/research/breakthrough_lab/t2_auto_scheduler/rust_sidecar/target/debug/deps/libpyo3-11fffd9d9ee7a78b.rlib\n          \n          rust-lld: error: undefined symbol: PyErr_SetString\n          >>> referenced by err_state.rs:241 (src/err/err_state.rs:241)\n          >>>               pyo3-11fffd9d9ee7a78b.pyo3.e1b9b219584156c6-cgu.09.rcgu.o:(pyo3::err::err_state::raise_lazy::h394746b91f11e191) in archive /home/jonatanciencias/Proyectos/Programacion/Radeon_RX_580/research/breakthrough_lab/t2_auto_scheduler/rust_sidecar/target/debug/deps/libpyo3-11fffd9d9ee7a78b.rlib\n          \n          rust-lld: error: undefined symbol: Py_IsInitialized\n          >>> referenced by gil.rs:80 (src/gil.rs:80)\n          >>>               pyo3-11fffd9d9ee7a78b.pyo3.e1b9b219584156c6-cgu.09.rcgu.o:(pyo3::gil::prepare_freethreaded_python::_$u7b$$u7b$closure$u7d$$u7d$::hde80acd08fc80244) in archive /home/jonatanciencias/Proyectos/Programacion/Radeon_RX_580/research/breakthrough_lab/t2_auto_scheduler/rust_sidecar/target/debug/deps/libpyo3-11fffd9d9ee7a78b.rlib\n          >>> referenced by gil.rs:199 (src/gil.rs:199)\n          >>>               pyo3-11fffd9d9ee7a78b.pyo3.e1b9b219584156c6-cgu.09.rcgu.o:(pyo3::gil::GILGuard::acquire::_$u7b$$u7b$closure$u7d$$u7d$::h72ef2d7a35e67d66) in archive /home/jonatanciencias/Proyectos/Programacion/Radeon_RX_580/research/breakthrough_lab/t2_auto_scheduler/rust_sidecar/target/debug/deps/libpyo3-11fffd9d9ee7a78b.rlib\n          \n          rust-lld: error: too many errors emitted, stopping now (use --error-limit=0 to see all errors)\n          collect2: error: ld returned 1 exit status\n          \n\n"}
{"$message_type":"diagnostic","message":"aborting due to 1 previous error","code":null,"level":"error","spans":[],"children":[],"rendered":"\u001b[1m\u001b[91merror\u001b[0m\u001b[1m: aborting due to 1 previous error\u001b[0m\n\n"}
